<?xml version="1.0" encoding="UTF-8"?>
<!-- Generated by org.testng.reporters.JUnitXMLReporter -->
<testsuite hostname="MySystem" ignored="0" name="Test" tests="4" failures="0" timestamp="28 May 2019 16:18:25 GMT" time="0.186" errors="0">
  <testcase name="m" time="0.059" classname="Examples.search"/>
  <testcase name="m1" time="0.016" classname="Examples.search"/>
  <testcase name="logout" time="0.016" classname="Examples.Login"/>
  <testcase name="emp" time="0.0" classname="Examples.Admin"/>
</testsuite> <!-- Test -->
